INFO - root - Georeferencing 355 TMK veldminuten sheets.
INFO - root - Starting sheet 7.31.3
INFO - root - Starting sheet 7.31.2
INFO - root - Starting sheet 7.31.5
INFO - root - Starting sheet 7.31.4
INFO - root - Starting sheet 7.31.8
INFO - root - Starting sheet 7.31.7
INFO - root - Starting sheet 7.31.6
INFO - root - Starting sheet 7.31.1
WARNING - root - Could not export sheet 7.39.4 to annotationpage because it's missing a georeference.
WARNING - root - Could not export sheet 7.4.3 to annotationpage because it's missing a georeference.
WARNING - root - Could not export sheet 7.44.4 to annotationpage because it's missing a georeference.
WARNING - root - Could not export sheet 7.34.10 to annotationpage because it's missing a georeference.
WARNING - root - Could not export sheet 7.12.1 to annotationpage because it's missing a georeference.
WARNING - root - Could not export sheet 7.22.7 to annotationpage because it's missing a georeference.
WARNING - root - Could not export sheet 7.5.7 to annotationpage because it's missing a georeference.
WARNING - root - Could not export sheet 7.34.8-9 to annotationpage because it's missing a georeference.
WARNING - root - Could not export sheet 7.17.2 to annotationpage because it's missing a georeference.
WARNING - root - Could not export sheet 7.8.3 to annotationpage because it's missing a georeference.
WARNING - root - Could not export sheet 7.52.3 to annotationpage because it's missing a georeference.
WARNING - root - Could not export sheet 7.48.4 to annotationpage because it's missing a georeference.
WARNING - root - Could not export sheet 7.55.1 to annotationpage because it's missing a georeference.
WARNING - root - Could not export sheet 7.14.7 to annotationpage because it's missing a georeference.
WARNING - root - Could not export sheet 7.46.5 to annotationpage because it's missing a georeference.
WARNING - root - Could not export sheet 7.6.2 to annotationpage because it's missing a georeference.
WARNING - root - Could not export sheet 7.60.4 to annotationpage because it's missing a georeference.
WARNING - root - Could not export sheet 7.32.6 to annotationpage because it's missing a georeference.
WARNING - root - Could not export sheet 7.58.5 to annotationpage because it's missing a georeference.
WARNING - root - Could not export sheet 7.51.6 to annotationpage because it's missing a georeference.
WARNING - root - Could not export sheet 7.42.2 to annotationpage because it's missing a georeference.
WARNING - root - Could not export sheet 7.25.5 to annotationpage because it's missing a georeference.
WARNING - root - Could not export sheet 7.2.5 to annotationpage because it's missing a georeference.
WARNING - root - Could not export sheet 7.36.1 to annotationpage because it's missing a georeference.
WARNING - root - Could not export sheet 7.25.11 to annotationpage because it's missing a georeference.
WARNING - root - Could not export sheet 7.47.1 to annotationpage because it's missing a georeference.
WARNING - root - Could not export sheet 7.54.5 to annotationpage because it's missing a georeference.
WARNING - root - Could not export sheet 7.7.6 to annotationpage because it's missing a georeference.
WARNING - root - Could not export sheet 7.43.6 to annotationpage because it's missing a georeference.
WARNING - root - Could not export sheet 7.50.2 to annotationpage because it's missing a georeference.
WARNING - root - Could not export sheet 7.37.5 to annotationpage because it's missing a georeference.
WARNING - root - Could not export sheet 7.24.1 to annotationpage because it's missing a georeference.
WARNING - root - Could not export sheet 7.3.1 to annotationpage because it's missing a georeference.
WARNING - root - Could not export sheet 7.44.8 to annotationpage because it's missing a georeference.
WARNING - root - Could not export sheet 7.19.3-4 to annotationpage because it's missing a georeference.
WARNING - root - Could not export sheet 7.39.8 to annotationpage because it's missing a georeference.
WARNING - root - Could not export sheet 7.27.8 to annotationpage because it's missing a georeference.
WARNING - root - Could not export sheet 7.48.8 to annotationpage because it's missing a georeference.
WARNING - root - Could not export sheet 7.27.3-4 to annotationpage because it's missing a georeference.
WARNING - root - Could not export sheet 7.25.9 to annotationpage because it's missing a georeference.
WARNING - root - Could not export sheet 7.37.8 to annotationpage because it's missing a georeference.
WARNING - root - Could not export sheet 7.28.12 to annotationpage because it's missing a georeference.
WARNING - root - Could not export sheet 7.10.5-6 to annotationpage because it's missing a georeference.
WARNING - root - Could not export sheet 7.58.8 to annotationpage because it's missing a georeference.
WARNING - root - Could not export sheet 7.41.9-10 to annotationpage because it's missing a georeference.
WARNING - root - Could not export sheet 7.25.8 to annotationpage because it's missing a georeference.
WARNING - root - Could not export sheet 7.29.2-3 to annotationpage because it's missing a georeference.
WARNING - root - Could not export sheet 7.41.7-8 to annotationpage because it's missing a georeference.
WARNING - root - Could not export sheet 7.37.5A to annotationpage because it's missing a georeference.
WARNING - root - Could not export sheet 7.61.2-3 to annotationpage because it's missing a georeference.
WARNING - root - Could not export sheet 7.39.9 to annotationpage because it's missing a georeference.
WARNING - root - Could not export sheet 7.44.9 to annotationpage because it's missing a georeference.
WARNING - root - Could not export sheet 7.37.4 to annotationpage because it's missing a georeference.
WARNING - root - Could not export sheet 7.43.7 to annotationpage because it's missing a georeference.
WARNING - root - Could not export sheet 7.50.3 to annotationpage because it's missing a georeference.
WARNING - root - Could not export sheet 7.33.3 to annotationpage because it's missing a georeference.
WARNING - root - Could not export sheet 7.61.1 to annotationpage because it's missing a georeference.
WARNING - root - Could not export sheet 7.7.7 to annotationpage because it's missing a georeference.
WARNING - root - Could not export sheet 7.25.10 to annotationpage because it's missing a georeference.
WARNING - root - Could not export sheet 7.54.4 to annotationpage because it's missing a georeference.
WARNING - root - Could not export sheet 7.2.4 to annotationpage because it's missing a georeference.
WARNING - root - Could not export sheet 7.5.4-5 to annotationpage because it's missing a georeference.
WARNING - root - Could not export sheet 7.58.4 to annotationpage because it's missing a georeference.
WARNING - root - Could not export sheet 7.51.7 to annotationpage because it's missing a georeference.
WARNING - root - Could not export sheet 7.19.2 to annotationpage because it's missing a georeference.
WARNING - root - Could not export sheet 7.42.3 to annotationpage because it's missing a georeference.
WARNING - root - Could not export sheet 7.10.1 to annotationpage because it's missing a georeference.
WARNING - root - Could not export sheet 7.6.3 to annotationpage because it's missing a georeference.
WARNING - root - Could not export sheet 7.60.5 to annotationpage because it's missing a georeference.
WARNING - root - Could not export sheet 7.32.7 to annotationpage because it's missing a georeference.
WARNING - root - Could not export sheet 7.14.6 to annotationpage because it's missing a georeference.
WARNING - root - Could not export sheet 7.46.4 to annotationpage because it's missing a georeference.
WARNING - root - Could not export sheet 7.52.2 to annotationpage because it's missing a georeference.
WARNING - root - Could not export sheet 7.13.4 to annotationpage because it's missing a georeference.
WARNING - root - Could not export sheet 7.48.5 to annotationpage because it's missing a georeference.
WARNING - root - Could not export sheet 7.8.2 to annotationpage because it's missing a georeference.
WARNING - root - Could not export sheet 7.26.1 to annotationpage because it's missing a georeference.
WARNING - root - Could not export sheet 7.1.1 to annotationpage because it's missing a georeference.
WARNING - root - Could not export sheet 7.45.1 to annotationpage because it's missing a georeference.
WARNING - root - Could not export sheet 7.17.3 to annotationpage because it's missing a georeference.
WARNING - root - Could not export sheet 7.22.6 to annotationpage because it's missing a georeference.
WARNING - root - Could not export sheet 7.5.6 to annotationpage because it's missing a georeference.
WARNING - root - Could not export sheet 7.38.1 to annotationpage because it's missing a georeference.
WARNING - root - Could not export sheet 7.49.1 to annotationpage because it's missing a georeference.
WARNING - root - Could not export sheet 7.40.2 to annotationpage because it's missing a georeference.
WARNING - root - Could not export sheet 7.34.1 to annotationpage because it's missing a georeference.
WARNING - root - Could not export sheet 7.27.5 to annotationpage because it's missing a georeference.
WARNING - root - Could not export sheet 7.30.3-4 to annotationpage because it's missing a georeference.
WARNING - root - Could not export sheet 7.44.5 to annotationpage because it's missing a georeference.
WARNING - root - Could not export sheet 7.57.1 to annotationpage because it's missing a georeference.
WARNING - root - Could not export sheet 7.39.5 to annotationpage because it's missing a georeference.
WARNING - root - Could not export sheet 7.62.4 to annotationpage because it's missing a georeference.
WARNING - root - Could not export sheet 7.30.6 to annotationpage because it's missing a georeference.
WARNING - root - Could not export sheet 7.4.2 to annotationpage because it's missing a georeference.
WARNING - root - Could not export sheet 7.40.9 to annotationpage because it's missing a georeference.
WARNING - root - Could not export sheet 7.28.13-14 to annotationpage because it's missing a georeference.
WARNING - root - Could not export sheet 7.17.8 to annotationpage because it's missing a georeference.
WARNING - root - Could not export sheet 7.52.9 to annotationpage because it's missing a georeference.
WARNING - root - Could not export sheet 7.6.8 to annotationpage because it's missing a georeference.
WARNING - root - Could not export sheet 7.18.1-3 to annotationpage because it's missing a georeference.
WARNING - root - Could not export sheet 7.21.4-7 to annotationpage because it's missing a georeference.
WARNING - root - Could not export sheet 7.19.9 to annotationpage because it's missing a georeference.
WARNING - root - Could not export sheet 7.33.8 to annotationpage because it's missing a georeference.
WARNING - root - Could not export sheet 7.46.7-8 to annotationpage because it's missing a georeference.
WARNING - root - Could not export sheet 7.30.1 to annotationpage because it's missing a georeference.
WARNING - root - Could not export sheet 7.62.3 to annotationpage because it's missing a georeference.
WARNING - root - Could not export sheet 7.39.2 to annotationpage because it's missing a georeference.
WARNING - root - Could not export sheet 7.45.10 to annotationpage because it's missing a georeference.
WARNING - root - Could not export sheet 7.44.2 to annotationpage because it's missing a georeference.
WARNING - root - Could not export sheet 7.9.1 to annotationpage because it's missing a georeference.
WARNING - root - Could not export sheet 7.27.2 to annotationpage because it's missing a georeference.
WARNING - root - Could not export sheet 7.12.7 to annotationpage because it's missing a georeference.
WARNING - root - Could not export sheet 7.53.1 to annotationpage because it's missing a georeference.
WARNING - root - Could not export sheet 7.22.1 to annotationpage because it's missing a georeference.
WARNING - root - Could not export sheet 7.5.1 to annotationpage because it's missing a georeference.
WARNING - root - Could not export sheet 7.38.6 to annotationpage because it's missing a georeference.
WARNING - root - Could not export sheet 7.17.4 to annotationpage because it's missing a georeference.
WARNING - root - Could not export sheet 7.45.6 to annotationpage because it's missing a georeference.
WARNING - root - Could not export sheet 7.52.5 to annotationpage because it's missing a georeference.
WARNING - root - Could not export sheet 7.48.2 to annotationpage because it's missing a georeference.
WARNING - root - Could not export sheet 7.13.3 to annotationpage because it's missing a georeference.
WARNING - root - Could not export sheet 7.46.3 to annotationpage because it's missing a georeference.
WARNING - root - Could not export sheet 7.14.1 to annotationpage because it's missing a georeference.
WARNING - root - Could not export sheet 7.6.4 to annotationpage because it's missing a georeference.
WARNING - root - Could not export sheet 7.60.2 to annotationpage because it's missing a georeference.
WARNING - root - Could not export sheet 7.58.3 to annotationpage because it's missing a georeference.
WARNING - root - Could not export sheet 7.42.4 to annotationpage because it's missing a georeference.
WARNING - root - Could not export sheet 7.19.5 to annotationpage because it's missing a georeference.
WARNING - root - Could not export sheet 7.2.3 to annotationpage because it's missing a georeference.
WARNING - root - Could not export sheet 7.54.3 to annotationpage because it's missing a georeference.
WARNING - root - Could not export sheet 7.44.11 to annotationpage because it's missing a georeference.
WARNING - root - Could not export sheet 7.50.4 to annotationpage because it's missing a georeference.
WARNING - root - Could not export sheet 7.37.3 to annotationpage because it's missing a georeference.
WARNING - root - Could not export sheet 7.40.4-6 to annotationpage because it's missing a georeference.
WARNING - root - Could not export sheet 7.3.7 to annotationpage because it's missing a georeference.
WARNING - root - Could not export sheet 7.37.2 to annotationpage because it's missing a georeference.
WARNING - root - Could not export sheet 7.3.6 to annotationpage because it's missing a georeference.
WARNING - root - Could not export sheet 7.43.1 to annotationpage because it's missing a georeference.
WARNING - root - Could not export sheet 7.50.5 to annotationpage because it's missing a georeference.
WARNING - root - Could not export sheet 7.49.5-6 to annotationpage because it's missing a georeference.
WARNING - root - Could not export sheet 7.20.1 to annotationpage because it's missing a georeference.
WARNING - root - Could not export sheet 7.7.1 to annotationpage because it's missing a georeference.
WARNING - root - Could not export sheet 7.54.2 to annotationpage because it's missing a georeference.
WARNING - root - Could not export sheet 7.44.10 to annotationpage because it's missing a georeference.
WARNING - root - Could not export sheet 7.25.2 to annotationpage because it's missing a georeference.
WARNING - root - Could not export sheet 7.2.2 to annotationpage because it's missing a georeference.
WARNING - root - Could not export sheet 7.51.1 to annotationpage because it's missing a georeference.
WARNING - root - Could not export sheet 7.58.2 to annotationpage because it's missing a georeference.
WARNING - root - Could not export sheet 7.42.5 to annotationpage because it's missing a georeference.
WARNING - root - Could not export sheet 7.6.5 to annotationpage because it's missing a georeference.
WARNING - root - Could not export sheet 7.32.1 to annotationpage because it's missing a georeference.
WARNING - root - Could not export sheet 7.60.3 to annotationpage because it's missing a georeference.
WARNING - root - Could not export sheet 7.41.1-4 to annotationpage because it's missing a georeference.
WARNING - root - Could not export sheet 7.46.2 to annotationpage because it's missing a georeference.
WARNING - root - Could not export sheet 7.52.4 to annotationpage because it's missing a georeference.
WARNING - root - Could not export sheet 7.48.3 to annotationpage because it's missing a georeference.
WARNING - root - Could not export sheet 7.13.2 to annotationpage because it's missing a georeference.
WARNING - root - Could not export sheet 7.8.4 to annotationpage because it's missing a georeference.
WARNING - root - Could not export sheet 7.17.5 to annotationpage because it's missing a georeference.
WARNING - root - Could not export sheet 7.45.7 to annotationpage because it's missing a georeference.
WARNING - root - Could not export sheet 7.38.7 to annotationpage because it's missing a georeference.
WARNING - root - Could not export sheet 7.12.6 to annotationpage because it's missing a georeference.
WARNING - root - Could not export sheet 7.49.7 to annotationpage because it's missing a georeference.
WARNING - root - Could not export sheet 7.45.11 to annotationpage because it's missing a georeference.
WARNING - root - Could not export sheet 7.44.3 to annotationpage because it's missing a georeference.
WARNING - root - Could not export sheet 7.62.2 to annotationpage because it's missing a georeference.
WARNING - root - Could not export sheet 7.40.3-5 to annotationpage because it's missing a georeference.
WARNING - root - Could not export sheet 7.39.3 to annotationpage because it's missing a georeference.
WARNING - root - Could not export sheet 7.33.4-5 to annotationpage because it's missing a georeference.
WARNING - root - Could not export sheet 7.33.9 to annotationpage because it's missing a georeference.
WARNING - root - Could not export sheet 7.19.8 to annotationpage because it's missing a georeference.
WARNING - root - Could not export sheet 7.52.8 to annotationpage because it's missing a georeference.
WARNING - root - Could not export sheet 7.40.8 to annotationpage because it's missing a georeference.
WARNING - root - Could not export sheet 7.49.11 to annotationpage because it's missing a georeference.
WARNING - root - Could not export sheet 7.28.2-6 to annotationpage because it's missing a georeference.
WARNING - root - Could not export sheet 7.38.8 to annotationpage because it's missing a georeference.
WARNING - root - Could not export sheet 7.45.8 to annotationpage because it's missing a georeference.
WARNING - root - Could not export sheet 7.49.8 to annotationpage because it's missing a georeference.
WARNING - root - Could not export sheet 7.3.5 to annotationpage because it's missing a georeference.
WARNING - root - Could not export sheet 7.37.1 to annotationpage because it's missing a georeference.
WARNING - root - Could not export sheet 7.50.6 to annotationpage because it's missing a georeference.
WARNING - root - Could not export sheet 7.43.2 to annotationpage because it's missing a georeference.
WARNING - root - Could not export sheet 7.20.2 to annotationpage because it's missing a georeference.
WARNING - root - Could not export sheet 7.7.2 to annotationpage because it's missing a georeference.
WARNING - root - Could not export sheet 7.29.1 to annotationpage because it's missing a georeference.
WARNING - root - Could not export sheet 7.21.8-9 to annotationpage because it's missing a georeference.
WARNING - root - Could not export sheet 7.61.4 to annotationpage because it's missing a georeference.
WARNING - root - Could not export sheet 7.33.6 to annotationpage because it's missing a georeference.
WARNING - root - Could not export sheet 7.54.1 to annotationpage because it's missing a georeference.
WARNING - root - Could not export sheet 7.25.1 to annotationpage because it's missing a georeference.
WARNING - root - Could not export sheet 7.2.1 to annotationpage because it's missing a georeference.
WARNING - root - Could not export sheet 7.19.7 to annotationpage because it's missing a georeference.
WARNING - root - Could not export sheet 7.10.4 to annotationpage because it's missing a georeference.
WARNING - root - Could not export sheet 7.42.6 to annotationpage because it's missing a georeference.
WARNING - root - Could not export sheet 7.58.1 to annotationpage because it's missing a georeference.
WARNING - root - Could not export sheet 7.51.2 to annotationpage because it's missing a georeference.
WARNING - root - Could not export sheet 7.6.6 to annotationpage because it's missing a georeference.
WARNING - root - Could not export sheet 7.46.1 to annotationpage because it's missing a georeference.
WARNING - root - Could not export sheet 7.14.3 to annotationpage because it's missing a georeference.
WARNING - root - Could not export sheet 7.13.1 to annotationpage because it's missing a georeference.
WARNING - root - Could not export sheet 7.52.7 to annotationpage because it's missing a georeference.
WARNING - root - Could not export sheet 7.28.7-8-9 to annotationpage because it's missing a georeference.
WARNING - root - Could not export sheet 7.26.4 to annotationpage because it's missing a georeference.
WARNING - root - Could not export sheet 7.1.4 to annotationpage because it's missing a georeference.
WARNING - root - Could not export sheet 7.17.6 to annotationpage because it's missing a georeference.
WARNING - root - Could not export sheet 7.45.4 to annotationpage because it's missing a georeference.
WARNING - root - Could not export sheet 7.38.4 to annotationpage because it's missing a georeference.
WARNING - root - Could not export sheet 7.22.3 to annotationpage because it's missing a georeference.
WARNING - root - Could not export sheet 7.5.3 to annotationpage because it's missing a georeference.
WARNING - root - Could not export sheet 7.49.4 to annotationpage because it's missing a georeference.
WARNING - root - Could not export sheet 7.12.5 to annotationpage because it's missing a georeference.
WARNING - root - Could not export sheet 7.40.7 to annotationpage because it's missing a georeference.
WARNING - root - Could not export sheet 7.33.10 to annotationpage because it's missing a georeference.
WARNING - root - Could not export sheet 7.9.3 to annotationpage because it's missing a georeference.
WARNING - root - Could not export sheet 7.34.4 to annotationpage because it's missing a georeference.
WARNING - root - Could not export sheet 7.57.4 to annotationpage because it's missing a georeference.
WARNING - root - Could not export sheet 7.41.3-6 to annotationpage because it's missing a georeference.
WARNING - root - Could not export sheet 7.62.1 to annotationpage because it's missing a georeference.
WARNING - root - Could not export sheet 7.21.11-14 to annotationpage because it's missing a georeference.
WARNING - root - Could not export sheet 7.39.1 to annotationpage because it's missing a georeference.
WARNING - root - Could not export sheet 7.30.2 to annotationpage because it's missing a georeference.
WARNING - root - Could not export sheet 7.44.1 to annotationpage because it's missing a georeference.
WARNING - root - Could not export sheet 7.27.1 to annotationpage because it's missing a georeference.
WARNING - root - Could not export sheet 7.9.2 to annotationpage because it's missing a georeference.
WARNING - root - Could not export sheet 7.34.5 to annotationpage because it's missing a georeference.
WARNING - root - Could not export sheet 7.12.4 to annotationpage because it's missing a georeference.
WARNING - root - Could not export sheet 7.38.5 to annotationpage because it's missing a georeference.
WARNING - root - Could not export sheet 7.22.2 to annotationpage because it's missing a georeference.
WARNING - root - Could not export sheet 7.5.2 to annotationpage because it's missing a georeference.
WARNING - root - Could not export sheet 7.17.7 to annotationpage because it's missing a georeference.
WARNING - root - Could not export sheet 7.45.5 to annotationpage because it's missing a georeference.
WARNING - root - Could not export sheet 7.41.11 to annotationpage because it's missing a georeference.
WARNING - root - Could not export sheet 7.35.1 to annotationpage because it's missing a georeference.
WARNING - root - Could not export sheet 7.1.5 to annotationpage because it's missing a georeference.
WARNING - root - Could not export sheet 7.48.1 to annotationpage because it's missing a georeference.
WARNING - root - Could not export sheet 7.52.6 to annotationpage because it's missing a georeference.
WARNING - root - Could not export sheet 7.14.2 to annotationpage because it's missing a georeference.
WARNING - root - Could not export sheet 7.32.3 to annotationpage because it's missing a georeference.
WARNING - root - Could not export sheet 7.60.1 to annotationpage because it's missing a georeference.
WARNING - root - Could not export sheet 7.28.4 to annotationpage because it's missing a georeference.
WARNING - root - Could not export sheet 7.25.3-4 to annotationpage because it's missing a georeference.
WARNING - root - Could not export sheet 7.6.7 to annotationpage because it's missing a georeference.
WARNING - root - Could not export sheet 7.19.6 to annotationpage because it's missing a georeference.
WARNING - root - Could not export sheet 7.42.7 to annotationpage because it's missing a georeference.
WARNING - root - Could not export sheet 7.51.3 to annotationpage because it's missing a georeference.
WARNING - root - Could not export sheet 7.7.3 to annotationpage because it's missing a georeference.
WARNING - root - Could not export sheet 7.33.7 to annotationpage because it's missing a georeference.
WARNING - root - Could not export sheet 7.43.9-10 to annotationpage because it's missing a georeference.
WARNING - root - Could not export sheet 7.50.7 to annotationpage because it's missing a georeference.
WARNING - root - Could not export sheet 7.43.3 to annotationpage because it's missing a georeference.
WARNING - root - Could not export sheet 7.18.2 to annotationpage because it's missing a georeference.
WARNING - root - Could not export sheet 7.3.4 to annotationpage because it's missing a georeference.
WARNING - root - Could not export sheet 7.32.10 to annotationpage because it's missing a georeference.
WARNING - root - Could not export sheet 7.12.8 to annotationpage because it's missing a georeference.
WARNING - root - Could not export sheet 7.49.9 to annotationpage because it's missing a georeference.
WARNING - root - Could not export sheet 7.45.9 to annotationpage because it's missing a georeference.
WARNING - root - Could not export sheet 7.21.3-6 to annotationpage because it's missing a georeference.
WARNING - root - Could not export sheet 7.28.10-11 to annotationpage because it's missing a georeference.
WARNING - root - Could not export sheet 7.49.10 to annotationpage because it's missing a georeference.
WARNING - root - Could not export sheet 7.3.8 to annotationpage because it's missing a georeference.
WARNING - root - Could not export sheet 7.3.3 to annotationpage because it's missing a georeference.
WARNING - root - Could not export sheet 7.37.7 to annotationpage because it's missing a georeference.
WARNING - root - Could not export sheet 7.43.4 to annotationpage because it's missing a georeference.
WARNING - root - Could not export sheet 7.7.4 to annotationpage because it's missing a georeference.
WARNING - root - Could not export sheet 7.25.7 to annotationpage because it's missing a georeference.
WARNING - root - Could not export sheet 7.2.7 to annotationpage because it's missing a georeference.
WARNING - root - Could not export sheet 7.10.2 to annotationpage because it's missing a georeference.
WARNING - root - Could not export sheet 7.19.1 to annotationpage because it's missing a georeference.
WARNING - root - Could not export sheet 7.51.4 to annotationpage because it's missing a georeference.
WARNING - root - Could not export sheet 7.58.7 to annotationpage because it's missing a georeference.
WARNING - root - Could not export sheet 7.60.6 to annotationpage because it's missing a georeference.
WARNING - root - Could not export sheet 7.32.4 to annotationpage because it's missing a georeference.
WARNING - root - Could not export sheet 7.28.3 to annotationpage because it's missing a georeference.
WARNING - root - Could not export sheet 7.14.5 to annotationpage because it's missing a georeference.
WARNING - root - Could not export sheet 7.48.6 to annotationpage because it's missing a georeference.
WARNING - root - Could not export sheet 7.21.12-15 to annotationpage because it's missing a georeference.
WARNING - root - Could not export sheet 7.52.1 to annotationpage because it's missing a georeference.
WARNING - root - Could not export sheet 7.26.2 to annotationpage because it's missing a georeference.
WARNING - root - Could not export sheet 7.1.2 to annotationpage because it's missing a georeference.
WARNING - root - Could not export sheet 7.8.1 to annotationpage because it's missing a georeference.
WARNING - root - Could not export sheet 7.45.2 to annotationpage because it's missing a georeference.
WARNING - root - Could not export sheet 7.38.2 to annotationpage because it's missing a georeference.
WARNING - root - Could not export sheet 7.10.7-8 to annotationpage because it's missing a georeference.
WARNING - root - Could not export sheet 7.22.5 to annotationpage because it's missing a georeference.
WARNING - root - Could not export sheet 7.40.1 to annotationpage because it's missing a georeference.
WARNING - root - Could not export sheet 7.12.3 to annotationpage because it's missing a georeference.
WARNING - root - Could not export sheet 7.49.2 to annotationpage because it's missing a georeference.
WARNING - root - Could not export sheet 7.27.6 to annotationpage because it's missing a georeference.
WARNING - root - Could not export sheet 7.34.2 to annotationpage because it's missing a georeference.
WARNING - root - Could not export sheet 7.57.2 to annotationpage because it's missing a georeference.
WARNING - root - Could not export sheet 7.44.6 to annotationpage because it's missing a georeference.
WARNING - root - Could not export sheet 7.23.1 to annotationpage because it's missing a georeference.
WARNING - root - Could not export sheet 7.4.1 to annotationpage because it's missing a georeference.
WARNING - root - Could not export sheet 7.30.5 to annotationpage because it's missing a georeference.
WARNING - root - Could not export sheet 7.39.6 to annotationpage because it's missing a georeference.
WARNING - root - Could not export sheet 7.43.8 to annotationpage because it's missing a georeference.
WARNING - root - Could not export sheet 7.7.8 to annotationpage because it's missing a georeference.
WARNING - root - Could not export sheet 7.28.1-5 to annotationpage because it's missing a georeference.
WARNING - root - Could not export sheet 7.27.9-10 to annotationpage because it's missing a georeference.
WARNING - root - Could not export sheet 7.32.8 to annotationpage because it's missing a georeference.
WARNING - root - Could not export sheet 7.32.2-11 to annotationpage because it's missing a georeference.
WARNING - root - Could not export sheet 7.40.10-11 to annotationpage because it's missing a georeference.
WARNING - root - Could not export sheet 7.39.10 to annotationpage because it's missing a georeference.
WARNING - root - Could not export sheet 7.21.2-5 to annotationpage because it's missing a georeference.
WARNING - root - Could not export sheet 7.39.11 to annotationpage because it's missing a georeference.
WARNING - root - Could not export sheet 7.32.9 to annotationpage because it's missing a georeference.
WARNING - root - Could not export sheet 7.14.8 to annotationpage because it's missing a georeference.
WARNING - root - Could not export sheet 7.33.1-2 to annotationpage because it's missing a georeference.
WARNING - root - Could not export sheet 7.34.6-7 to annotationpage because it's missing a georeference.
WARNING - root - Could not export sheet 7.39.7 to annotationpage because it's missing a georeference.
WARNING - root - Could not export sheet 7.57.3 to annotationpage because it's missing a georeference.
WARNING - root - Could not export sheet 7.44.7 to annotationpage because it's missing a georeference.
WARNING - root - Could not export sheet 7.9.4 to annotationpage because it's missing a georeference.
WARNING - root - Could not export sheet 7.27.7 to annotationpage because it's missing a georeference.
WARNING - root - Could not export sheet 7.34.3 to annotationpage because it's missing a georeference.
WARNING - root - Could not export sheet 7.12.2 to annotationpage because it's missing a georeference.
WARNING - root - Could not export sheet 7.49.3 to annotationpage because it's missing a georeference.
WARNING - root - Could not export sheet 7.38.3 to annotationpage because it's missing a georeference.
WARNING - root - Could not export sheet 7.41.2-5 to annotationpage because it's missing a georeference.
WARNING - root - Could not export sheet 7.22.4 to annotationpage because it's missing a georeference.
WARNING - root - Could not export sheet 7.45.3 to annotationpage because it's missing a georeference.
WARNING - root - Could not export sheet 7.17.1 to annotationpage because it's missing a georeference.
WARNING - root - Could not export sheet 7.26.3 to annotationpage because it's missing a georeference.
WARNING - root - Could not export sheet 7.1.3 to annotationpage because it's missing a georeference.
WARNING - root - Could not export sheet 7.48.7 to annotationpage because it's missing a georeference.
WARNING - root - Could not export sheet 7.14.4 to annotationpage because it's missing a georeference.
WARNING - root - Could not export sheet 7.46.6 to annotationpage because it's missing a georeference.
WARNING - root - Could not export sheet 7.55.2 to annotationpage because it's missing a georeference.
WARNING - root - Could not export sheet 7.32.5 to annotationpage because it's missing a georeference.
WARNING - root - Could not export sheet 7.21.1 to annotationpage because it's missing a georeference.
WARNING - root - Could not export sheet 7.6.1 to annotationpage because it's missing a georeference.
WARNING - root - Could not export sheet 7.42.1 to annotationpage because it's missing a georeference.
WARNING - root - Could not export sheet 7.10.3 to annotationpage because it's missing a georeference.
WARNING - root - Could not export sheet 7.51.5 to annotationpage because it's missing a georeference.
WARNING - root - Could not export sheet 7.58.6 to annotationpage because it's missing a georeference.
WARNING - root - Could not export sheet 7.36.2 to annotationpage because it's missing a georeference.
WARNING - root - Could not export sheet 7.25.6 to annotationpage because it's missing a georeference.
WARNING - root - Could not export sheet 7.2.6 to annotationpage because it's missing a georeference.
WARNING - root - Could not export sheet 7.54.6 to annotationpage because it's missing a georeference.
WARNING - root - Could not export sheet 7.25.12 to annotationpage because it's missing a georeference.
WARNING - root - Could not export sheet 7.7.5 to annotationpage because it's missing a georeference.
WARNING - root - Could not export sheet 7.21.10-13 to annotationpage because it's missing a georeference.
WARNING - root - Could not export sheet 7.50.1 to annotationpage because it's missing a georeference.
WARNING - root - Could not export sheet 7.43.5 to annotationpage because it's missing a georeference.
WARNING - root - Could not export sheet 7.24.2 to annotationpage because it's missing a georeference.
WARNING - root - Could not export sheet 7.3.2 to annotationpage because it's missing a georeference.
WARNING - root - Could not export sheet 7.37.6 to annotationpage because it's missing a georeference.
INFO - root - Successfully georeferenced 8/355 sheets. Average retry rate: 0.0
