INFO - Processing TMK sheet 'Ameland'
INFO - Processing TMK sheet 'Schiermonnnikoog'
INFO - Processing TMK sheet 'Uithuizen'
INFO - Processing TMK sheet 'Vlieland'
INFO - Processing TMK sheet 'Harlingen'
INFO - Processing TMK sheet 'Leeuwarden'
INFO - Processing TMK sheet 'Groningen'
INFO - Processing TMK sheet 'Nieuwe Schans'
INFO - Processing TMK sheet 'Den Helder'
INFO - Processing TMK sheet 'Sneek'
INFO - Processing TMK sheet 'Heerenveen'
WARNING - No field drawings found for sheet 11 Heerenveen
INFO - Processing TMK sheet 'Assen'
INFO - Processing TMK sheet 'Bourtange'
INFO - Processing TMK sheet 'Medemblik'
INFO - Processing TMK sheet 'Stavoren'
WARNING - No field drawings found for sheet 15 Stavoren
INFO - Processing TMK sheet 'Steenwijk'
WARNING - No field drawings found for sheet 16 Steenwijk
INFO - Processing TMK sheet 'Beilen'
INFO - Processing TMK sheet 'Roswinkel'
INFO - Processing TMK sheet 'Alkmaar'
INFO - Processing TMK sheet 'Enkhuizen'
INFO - Processing TMK sheet 'Zwolle'
INFO - Processing TMK sheet 'Coevorden'
INFO - Processing TMK sheet 'Nieuw Schoonebeek'
INFO - Processing TMK sheet 'Hillegom'
INFO - Processing TMK sheet 'Amsterdam'
INFO - Processing TMK sheet 'Harderwijk'
INFO - Processing TMK sheet 'Hattem'
INFO - Processing TMK sheet 'Almelo'
INFO - Processing TMK sheet 'Denekamp'
INFO - Processing TMK sheet ''s-Gravenhage'
INFO - Processing TMK sheet 'Utrecht'
INFO - Processing TMK sheet 'Amersfoort'
INFO - Processing TMK sheet 'Zutphen'
INFO - Processing TMK sheet 'Groenlo'
INFO - Processing TMK sheet 'Ahaus'
WARNING - Only one neat drawings found for TMK sheet 35 Ahaus
INFO - Processing TMK sheet 'Goedereede'
INFO - Processing TMK sheet 'Rotterdam'
INFO - Processing TMK sheet 'Gorinchem'
INFO - Processing TMK sheet 'Rhenen'
INFO - Processing TMK sheet 'Arnhem'
INFO - Processing TMK sheet 'Aalten'
INFO - Processing TMK sheet 'Zierikzee'
INFO - Processing TMK sheet 'Willemstad'
INFO - Processing TMK sheet 'Geertruidenberg'
INFO - Processing TMK sheet ''s-Hertogenbosch'
INFO - Processing TMK sheet 'Vierlingsbeek'
INFO - Processing TMK sheet 'Cadzand'
INFO - Processing TMK sheet 'Middelburg'
INFO - Processing TMK sheet 'Bergen op Zoom'
INFO - Processing TMK sheet 'Breda'
WARNING - No neat drawings found for sheet 50 Breda
INFO - Processing TMK sheet 'Eindhoven'
INFO - Processing TMK sheet 'Venlo'
INFO - Processing TMK sheet 'Sluis'
INFO - Processing TMK sheet 'Neuzen'
INFO - Processing TMK sheet 'Hulst'
INFO - Processing TMK sheet 'None'
WARNING - No neat drawings found for sheet 56 None
WARNING - No field drawings found for sheet 56 None
INFO - Processing TMK sheet 'Valkenswaard'
INFO - Processing TMK sheet 'Roermond'
INFO - Processing TMK sheet 'None'
WARNING - No neat drawings found for sheet 59 None
WARNING - No field drawings found for sheet 59 None
INFO - Processing TMK sheet 'Sittard'
INFO - Processing TMK sheet 'Maastricht'
WARNING - Only one neat drawings found for TMK sheet 61 Maastricht
INFO - Processing TMK sheet 'Heerlen'
INFO - Processing Bonnebladen sheet: 1, None
WARNING - No field drawings found for Bonnebladen sheet: None (1)
INFO - Processing Bonnebladen sheet: 2, None
WARNING - No field drawings found for Bonnebladen sheet: None (2)
INFO - Processing Bonnebladen sheet: 3, None
WARNING - No field drawings found for Bonnebladen sheet: None (3)
INFO - Processing Bonnebladen sheet: 4, None
WARNING - No field drawings found for Bonnebladen sheet: None (4)
INFO - Processing Bonnebladen sheet: 5, None
WARNING - No field drawings found for Bonnebladen sheet: None (5)
INFO - Processing Bonnebladen sheet: 6, None
WARNING - No field drawings found for Bonnebladen sheet: None (6)
INFO - Processing Bonnebladen sheet: 7, None
WARNING - No field drawings found for Bonnebladen sheet: None (7)
INFO - Processing Bonnebladen sheet: 8, Rottummerplaat
INFO - Processing Bonnebladen sheet: 9, Rottumeroog
INFO - Processing Bonnebladen sheet: 10, None
WARNING - No field drawings found for Bonnebladen sheet: None (10)
INFO - Processing Bonnebladen sheet: 11, Ransel
INFO - Processing Bonnebladen sheet: 12, None
WARNING - No field drawings found for Bonnebladen sheet: None (12)
INFO - Processing Bonnebladen sheet: 13, Buitenpaal III
INFO - Processing Bonnebladen sheet: 14, Noordwest Ameland
INFO - Processing Bonnebladen sheet: 15, Noordoost Ameland
INFO - Processing Bonnebladen sheet: 16, Engelsmanplaat
INFO - Processing Bonnebladen sheet: 17, Schiermonnikoog
INFO - Processing Bonnebladen sheet: 18, Oosterstrand
INFO - Processing Bonnebladen sheet: 19, None
WARNING - No field drawings found for Bonnebladen sheet: None (19)
INFO - Processing Bonnebladen sheet: 20, Uithuizerwad
INFO - Processing Bonnebladen sheet: 21, Eemspolder
INFO - Processing Bonnebladen sheet: 22, Eems Horn
INFO - Processing Bonnebladen sheet: 23, None
WARNING - No field drawings found for Bonnebladen sheet: None (23)
INFO - Processing Bonnebladen sheet: 24, MP XIII
INFO - Processing Bonnebladen sheet: 25, Smouseduintjes
INFO - Processing Bonnebladen sheet: 26, Hollumerduinen
INFO - Processing Bonnebladen sheet: 27, Ballum
INFO - Processing Bonnebladen sheet: 28, Zuidoost Ameland
INFO - Processing Bonnebladen sheet: 29, Wierumerwad
INFO - Processing Bonnebladen sheet: 30, Brakzand
INFO - Processing Bonnebladen sheet: 31, Groninger Balg
INFO - Processing Bonnebladen sheet: 32, Pieterburen
INFO - Processing Bonnebladen sheet: 33, Uithuizen
INFO - Processing Bonnebladen sheet: 34, Uithuizermeeden
INFO - Processing Bonnebladen sheet: 35, Vierhuizen
INFO - Processing Bonnebladen sheet: 36, None
WARNING - No field drawings found for Bonnebladen sheet: None (36)
INFO - Processing Bonnebladen sheet: 37, Noordvaarder
INFO - Processing Bonnebladen sheet: 38, West-Terschelling
INFO - Processing Bonnebladen sheet: 39, Oosterend (Terschelling)
INFO - Processing Bonnebladen sheet: 40, Buitenpaal XXV A5
INFO - Processing Bonnebladen sheet: 41, Hooge Wier
INFO - Processing Bonnebladen sheet: 42, Holwerd
INFO - Processing Bonnebladen sheet: 43, Houtum
INFO - Processing Bonnebladen sheet: 44, Anjum
INFO - Processing Bonnebladen sheet: 45, Ulrum
INFO - Processing Bonnebladen sheet: 46, Eenrum
INFO - Processing Bonnebladen sheet: 47, Warffum
INFO - Processing Bonnebladen sheet: 48, 't Zandt
INFO - Processing Bonnebladen sheet: 49, Bierum
INFO - Processing Bonnebladen sheet: 50, Rijsumer Nack
INFO - Processing Bonnebladen sheet: 51, Emden
INFO - Processing Bonnebladen sheet: 52, Paal 49
INFO - Processing Bonnebladen sheet: 53, Noordvlieland
INFO - Processing Bonnebladen sheet: 54, Buitenpaal O1
INFO - Processing Bonnebladen sheet: 55, None
WARNING - No field drawings found for Bonnebladen sheet: None (55)
INFO - Processing Bonnebladen sheet: 56, Abt
INFO - Processing Bonnebladen sheet: 57, Oude Bildtzijl
INFO - Processing Bonnebladen sheet: 58, Ferwerd
INFO - Processing Bonnebladen sheet: 59, Dokkum
INFO - Processing Bonnebladen sheet: 60, Engwierum
INFO - Processing Bonnebladen sheet: 61, Zoutkamp
INFO - Processing Bonnebladen sheet: 62, Ezinge
INFO - Processing Bonnebladen sheet: 63, Bedum
INFO - Processing Bonnebladen sheet: 64, Loppersum
INFO - Processing Bonnebladen sheet: 65, Delfzijl
INFO - Processing Bonnebladen sheet: 66, Termunten
INFO - Processing Bonnebladen sheet: 67, Pogum
INFO - Processing Bonnebladen sheet: 68, None
WARNING - No field drawings found for Bonnebladen sheet: None (68)
INFO - Processing Bonnebladen sheet: 69, Vlieland
INFO - Processing Bonnebladen sheet: 70, Oostvlieland
INFO - Processing Bonnebladen sheet: 71, None
WARNING - No field drawings found for Bonnebladen sheet: None (71)
INFO - Processing Bonnebladen sheet: 72, Vlakte
INFO - Processing Bonnebladen sheet: 73, Minnertsga
INFO - Processing Bonnebladen sheet: 74, Stiens
INFO - Processing Bonnebladen sheet: 75, Oudkerk
INFO - Processing Bonnebladen sheet: 76, Zwaagwesteinde
INFO - Processing Bonnebladen sheet: 77, Buitenpost
INFO - Processing Bonnebladen sheet: 78, Grijpskerk
INFO - Processing Bonnebladen sheet: 79, Aduard
INFO - Processing Bonnebladen sheet: 80, Zuidwolde
INFO - Processing Bonnebladen sheet: 81, Ten Boer
INFO - Processing Bonnebladen sheet: 82, Siddeburen
INFO - Processing Bonnebladen sheet: 83, Woldendorp
INFO - Processing Bonnebladen sheet: 84, Reiderwolder Ppolder
INFO - Processing Bonnebladen sheet: 85, Robbenbol
INFO - Processing Bonnebladen sheet: 86, Vliehors
INFO - Processing Bonnebladen sheet: 87, None
WARNING - No field drawings found for Bonnebladen sheet: None (87)
INFO - Processing Bonnebladen sheet: 88, None
WARNING - No field drawings found for Bonnebladen sheet: None (88)
INFO - Processing Bonnebladen sheet: 89, Wijnaldum
INFO - Processing Bonnebladen sheet: 90, Franeker
INFO - Processing Bonnebladen sheet: 91, Dronrijp
INFO - Processing Bonnebladen sheet: 92, Leeuwarden
INFO - Processing Bonnebladen sheet: 93, Bergum
INFO - Processing Bonnebladen sheet: 94, Drogeham
INFO - Processing Bonnebladen sheet: 95, Grootegast
INFO - Processing Bonnebladen sheet: 96, Hoogkerk
INFO - Processing Bonnebladen sheet: 97, Groningen
INFO - Processing Bonnebladen sheet: 98, Slochteren
INFO - Processing Bonnebladen sheet: 99, Noordbroek
INFO - Processing Bonnebladen sheet: 100, Finsterwolde
INFO - Processing Bonnebladen sheet: 101, Nieuwe Schans
INFO - Processing Bonnebladen sheet: 102, None
WARNING - No field drawings found for Bonnebladen sheet: None (102)
INFO - Processing Bonnebladen sheet: 103, De Cocksdorp
INFO - Processing Bonnebladen sheet: 104, Roggesloot
INFO - Processing Bonnebladen sheet: 105, None
WARNING - No field drawings found for Bonnebladen sheet: None (105)
INFO - Processing Bonnebladen sheet: 106, None
WARNING - No field drawings found for Bonnebladen sheet: None (106)
INFO - Processing Bonnebladen sheet: 107, Harlingen
INFO - Processing Bonnebladen sheet: 108, Tjum
INFO - Processing Bonnebladen sheet: 109, Baard
INFO - Processing Bonnebladen sheet: 110, Warga
INFO - Processing Bonnebladen sheet: 111, Oudega
INFO - Processing Bonnebladen sheet: 112, Rottevalle
INFO - Processing Bonnebladen sheet: 113, Marum
INFO - Processing Bonnebladen sheet: 114, Roden
INFO - Processing Bonnebladen sheet: 115, Eelde
INFO - Processing Bonnebladen sheet: 116, Hoogezand Sappemeer
INFO - Processing Bonnebladen sheet: 117, Meeden
INFO - Processing Bonnebladen sheet: 118, Winschoten
INFO - Processing Bonnebladen sheet: 119, Bellingwolde
INFO - Processing Bonnebladen sheet: 120, Paal 17
INFO - Processing Bonnebladen sheet: 121, Oosterend
INFO - Processing Bonnebladen sheet: 122, Nieuwe Schild
INFO - Processing Bonnebladen sheet: 123, None
WARNING - No field drawings found for Bonnebladen sheet: None (123)
INFO - Processing Bonnebladen sheet: 124, None
WARNING - No field drawings found for Bonnebladen sheet: None (124)
INFO - Processing Bonnebladen sheet: 125, Pingjum
INFO - Processing Bonnebladen sheet: 126, Wommels
INFO - Processing Bonnebladen sheet: 127, Rauwerd
INFO - Processing Bonnebladen sheet: 128, Grouw
INFO - Processing Bonnebladen sheet: 129, Boornbergum
INFO - Processing Bonnebladen sheet: 130, Drachten
INFO - Processing Bonnebladen sheet: 131, Bakkeveen
INFO - Processing Bonnebladen sheet: 132, Norg
INFO - Processing Bonnebladen sheet: 133, Vries
INFO - Processing Bonnebladen sheet: 134, Zuidlaren
INFO - Processing Bonnebladen sheet: 135, Veendam
INFO - Processing Bonnebladen sheet: 136, Wedde
INFO - Processing Bonnebladen sheet: 137, Vrieschelo
INFO - Processing Bonnebladen sheet: 138, Rondebol
INFO - Processing Bonnebladen sheet: 139, Texel
INFO - Processing Bonnebladen sheet: 140, None
WARNING - No field drawings found for Bonnebladen sheet: None (140)
INFO - Processing Bonnebladen sheet: 141, None
WARNING - No field drawings found for Bonnebladen sheet: None (141)
INFO - Processing Bonnebladen sheet: 142, None
WARNING - No field drawings found for Bonnebladen sheet: None (142)
INFO - Processing Bonnebladen sheet: 143, Makkum
INFO - Processing Bonnebladen sheet: 144, Bolsward
INFO - Processing Bonnebladen sheet: 145, Sneek
INFO - Processing Bonnebladen sheet: 146, Akkrum
INFO - Processing Bonnebladen sheet: 147, Terwispel
INFO - Processing Bonnebladen sheet: 148, Hemrik
INFO - Processing Bonnebladen sheet: 149, Donkerbroek
INFO - Processing Bonnebladen sheet: 150, Veenhuizen
INFO - Processing Bonnebladen sheet: 151, Taarlo
INFO - Processing Bonnebladen sheet: 152, Anlo
INFO - Processing Bonnebladen sheet: 153, Gieterveen
INFO - Processing Bonnebladen sheet: 154, Onstwedde
INFO - Processing Bonnebladen sheet: 155, Bourtange
INFO - Processing Bonnebladen sheet: 156, Kaaphoofd
INFO - Processing Bonnebladen sheet: 157, Den Helder
INFO - Processing Bonnebladen sheet: 158, None
WARNING - No field drawings found for Bonnebladen sheet: None (158)
INFO - Processing Bonnebladen sheet: 159, Vlieter
INFO - Processing Bonnebladen sheet: 160, None
WARNING - No field drawings found for Bonnebladen sheet: None (160)
INFO - Processing Bonnebladen sheet: 161, Workum
INFO - Processing Bonnebladen sheet: 162, IJlst
INFO - Processing Bonnebladen sheet: 163, Langweer
INFO - Processing Bonnebladen sheet: 164, Joure
INFO - Processing Bonnebladen sheet: 165, Gorredijk
INFO - Processing Bonnebladen sheet: 166, Jubbega-Schurega
INFO - Processing Bonnebladen sheet: 167, Fochtelo
INFO - Processing Bonnebladen sheet: 168, Boven Smilde
INFO - Processing Bonnebladen sheet: 169, Assen
INFO - Processing Bonnebladen sheet: 170, Gasselte
INFO - Processing Bonnebladen sheet: 171, Stadskanaal
INFO - Processing Bonnebladen sheet: 172, Musselkanaal
INFO - Processing Bonnebladen sheet: 173, Sellingen
INFO - Processing Bonnebladen sheet: 174, Kijkduin
INFO - Processing Bonnebladen sheet: 175, Oostoever
INFO - Processing Bonnebladen sheet: 176, Wieringen
INFO - Processing Bonnebladen sheet: 177, Den Oever
INFO - Processing Bonnebladen sheet: 178, None
WARNING - No field drawings found for Bonnebladen sheet: None (178)
INFO - Processing Bonnebladen sheet: 179, Hindeloopen
INFO - Processing Bonnebladen sheet: 180, Nijega
INFO - Processing Bonnebladen sheet: 181, Woudsend
INFO - Processing Bonnebladen sheet: 182, St. Johannisga
INFO - Processing Bonnebladen sheet: 183, Oudeschoot
INFO - Processing Bonnebladen sheet: 184, Olderberkoop
INFO - Processing Bonnebladen sheet: 185, Elsloo
INFO - Processing Bonnebladen sheet: 186, Smilde
INFO - Processing Bonnebladen sheet: 187, Hooghalen
INFO - Processing Bonnebladen sheet: 188, Borger
INFO - Processing Bonnebladen sheet: 189, Buinen
INFO - Processing Bonnebladen sheet: 190, Valthermond
INFO - Processing Bonnebladen sheet: 191, Laude
INFO - Processing Bonnebladen sheet: 192, Groote Keeten
INFO - Processing Bonnebladen sheet: 193, Anna Paulowna
INFO - Processing Bonnebladen sheet: 194, Westerland
INFO - Processing Bonnebladen sheet: 195, Oude Zeug
INFO - Processing Bonnebladen sheet: 196, None
WARNING - No field drawings found for Bonnebladen sheet: None (196)
INFO - Processing Bonnebladen sheet: 197, Stavoren
INFO - Processing Bonnebladen sheet: 198, Balk
INFO - Processing Bonnebladen sheet: 199, Sloten
INFO - Processing Bonnebladen sheet: 200, Delfstrahuizen
INFO - Processing Bonnebladen sheet: 201, Wolvega
INFO - Processing Bonnebladen sheet: 202, Noordwolde
INFO - Processing Bonnebladen sheet: 203, Diever
INFO - Processing Bonnebladen sheet: 204, Beilen
INFO - Processing Bonnebladen sheet: 205, Westerbork
INFO - Processing Bonnebladen sheet: 206, Schoonoord
INFO - Processing Bonnebladen sheet: 207, Odoorn
INFO - Processing Bonnebladen sheet: 208, Ter Apel
INFO - Processing Bonnebladen sheet: 209, Leidijk
INFO - Processing Bonnebladen sheet: 210, Callantsoog
INFO - Processing Bonnebladen sheet: 211, Oude Sluis
INFO - Processing Bonnebladen sheet: 212, Kolhorn
INFO - Processing Bonnebladen sheet: 213, Wagendorp
INFO - Processing Bonnebladen sheet: 214, None
WARNING - No field drawings found for Bonnebladen sheet: None (214)
INFO - Processing Bonnebladen sheet: 215, None
WARNING - No field drawings found for Bonnebladen sheet: None (215)
INFO - Processing Bonnebladen sheet: 216, Gaastburen
INFO - Processing Bonnebladen sheet: 217, Lemmer
INFO - Processing Bonnebladen sheet: 218, Kuinre
INFO - Processing Bonnebladen sheet: 219, Oldemarkt
INFO - Processing Bonnebladen sheet: 220, Steenwijk
INFO - Processing Bonnebladen sheet: 221, Uffelte
INFO - Processing Bonnebladen sheet: 222, Lhee
INFO - Processing Bonnebladen sheet: 223, Balinge
INFO - Processing Bonnebladen sheet: 224, Zweelo
INFO - Processing Bonnebladen sheet: 225, Emmen
INFO - Processing Bonnebladen sheet: 226, Emmer Compascuum
INFO - Processing Bonnebladen sheet: 227, Petten
INFO - Processing Bonnebladen sheet: 228, Schagen
INFO - Processing Bonnebladen sheet: 229, Winkel
INFO - Processing Bonnebladen sheet: 230, Medemblik
INFO - Processing Bonnebladen sheet: 231, Andijk
INFO - Processing Bonnebladen sheet: 232, None
WARNING - No field drawings found for Bonnebladen sheet: None (232)
INFO - Processing Bonnebladen sheet: 233, None
WARNING - No field drawings found for Bonnebladen sheet: None (233)
INFO - Processing Bonnebladen sheet: 234, None
WARNING - No field drawings found for Bonnebladen sheet: None (234)
INFO - Processing Bonnebladen sheet: 235, Blankenham
INFO - Processing Bonnebladen sheet: 236, Kalenberg
INFO - Processing Bonnebladen sheet: 237, Giethoorn
INFO - Processing Bonnebladen sheet: 238, Havelte
INFO - Processing Bonnebladen sheet: 239, Pesse
INFO - Processing Bonnebladen sheet: 240, Nieuweroord
INFO - Processing Bonnebladen sheet: 241, Oosterhesselen
INFO - Processing Bonnebladen sheet: 242, Zuidbarge
INFO - Processing Bonnebladen sheet: 243, Nieuw Dordrecht
INFO - Processing Bonnebladen sheet: 244, Schoorl
INFO - Processing Bonnebladen sheet: 245, Oudkarspel
INFO - Processing Bonnebladen sheet: 246, Opmeer
INFO - Processing Bonnebladen sheet: 247, Wervershoof
INFO - Processing Bonnebladen sheet: 248, Enkhuizen
INFO - Processing Bonnebladen sheet: 249, None
WARNING - No field drawings found for Bonnebladen sheet: None (249)
INFO - Processing Bonnebladen sheet: 250, None
WARNING - No field drawings found for Bonnebladen sheet: None (250)
INFO - Processing Bonnebladen sheet: 251, None
WARNING - No field drawings found for Bonnebladen sheet: None (251)
INFO - Processing Bonnebladen sheet: 252, None
WARNING - No field drawings found for Bonnebladen sheet: None (252)
INFO - Processing Bonnebladen sheet: 253, Blokzijl
INFO - Processing Bonnebladen sheet: 254, Meppel
INFO - Processing Bonnebladen sheet: 255, Koekange
INFO - Processing Bonnebladen sheet: 256, Hoogeveen
INFO - Processing Bonnebladen sheet: 257, Hollandscheveld
INFO - Processing Bonnebladen sheet: 258, Dalen
INFO - Processing Bonnebladen sheet: 259, Nieuw-Amsterdam
INFO - Processing Bonnebladen sheet: 260, Amsterdamsche Veld
INFO - Processing Bonnebladen sheet: 261, Bergen
INFO - Processing Bonnebladen sheet: 262, Alkmaar
INFO - Processing Bonnebladen sheet: 263, Berkhout
INFO - Processing Bonnebladen sheet: 264, Hoorn
INFO - Processing Bonnebladen sheet: 265, Venhuizen
INFO - Processing Bonnebladen sheet: 266, None
WARNING - No field drawings found for Bonnebladen sheet: None (266)
INFO - Processing Bonnebladen sheet: 267, Urk
INFO - Processing Bonnebladen sheet: 268, Zuiderzee met westkust Schokland
INFO - Processing Bonnebladen sheet: 269, Schokland
INFO - Processing Bonnebladen sheet: 270, Genemuiden
INFO - Processing Bonnebladen sheet: 271, Zwartsluis
INFO - Processing Bonnebladen sheet: 272, IJhorst
INFO - Processing Bonnebladen sheet: 273, Oud Avereest
INFO - Processing Bonnebladen sheet: 274, Slagharen
INFO - Processing Bonnebladen sheet: 275, Coevorden
INFO - Processing Bonnebladen sheet: 276, Oud-Schoonebeek
INFO - Processing Bonnebladen sheet: 277, Nieuw Schoonebeek
INFO - Processing Bonnebladen sheet: 278, Heiloo
INFO - Processing Bonnebladen sheet: 279, Schermer
INFO - Processing Bonnebladen sheet: 280, Beets
INFO - Processing Bonnebladen sheet: 281, Blokkerhoek
INFO - Processing Bonnebladen sheet: 282, None
WARNING - No field drawings found for Bonnebladen sheet: None (282)
INFO - Processing Bonnebladen sheet: 283, None
WARNING - No field drawings found for Bonnebladen sheet: None (283)
INFO - Processing Bonnebladen sheet: 284, None
WARNING - No field drawings found for Bonnebladen sheet: None (284)
INFO - Processing Bonnebladen sheet: 285, None
WARNING - No field drawings found for Bonnebladen sheet: None (285)
INFO - Processing Bonnebladen sheet: 286, Kampereiland
INFO - Processing Bonnebladen sheet: 287, IJsselmuiden
INFO - Processing Bonnebladen sheet: 288, Hasselt
INFO - Processing Bonnebladen sheet: 289, Nieuw Leusen
INFO - Processing Bonnebladen sheet: 290, Dedemsvaart
INFO - Processing Bonnebladen sheet: 291, Hardenberg
INFO - Processing Bonnebladen sheet: 292, Venebrugge
INFO - Processing Bonnebladen sheet: 293, None
WARNING - No field drawings found for Bonnebladen sheet: None (293)
INFO - Processing Bonnebladen sheet: 294, Castricum
INFO - Processing Bonnebladen sheet: 295, De Rijp
INFO - Processing Bonnebladen sheet: 296, Midden Beemster
INFO - Processing Bonnebladen sheet: 297, Edam
INFO - Processing Bonnebladen sheet: 298, None
WARNING - No field drawings found for Bonnebladen sheet: None (298)
INFO - Processing Bonnebladen sheet: 299, None
WARNING - No field drawings found for Bonnebladen sheet: None (299)
INFO - Processing Bonnebladen sheet: 300, None
WARNING - No field drawings found for Bonnebladen sheet: None (300)
INFO - Processing Bonnebladen sheet: 301, None
WARNING - No field drawings found for Bonnebladen sheet: None (301)
INFO - Processing Bonnebladen sheet: 302, Kampen
INFO - Processing Bonnebladen sheet: 303, Wilsum
INFO - Processing Bonnebladen sheet: 304, Zwolle
INFO - Processing Bonnebladen sheet: 305, Dalfsen
INFO - Processing Bonnebladen sheet: 306, Ommen
INFO - Processing Bonnebladen sheet: 307, Mariënberg
INFO - Processing Bonnebladen sheet: 308, Kloosterhaar
INFO - Processing Bonnebladen sheet: 309, Haven van IJmuiden
INFO - Processing Bonnebladen sheet: 310, Beverwijk
INFO - Processing Bonnebladen sheet: 311, Wormerveer
INFO - Processing Bonnebladen sheet: 312, Purmerend
INFO - Processing Bonnebladen sheet: 313, Marken
INFO - Processing Bonnebladen sheet: 314, None
WARNING - No field drawings found for Bonnebladen sheet: None (314)
INFO - Processing Bonnebladen sheet: 315, None
WARNING - No field drawings found for Bonnebladen sheet: None (315)
INFO - Processing Bonnebladen sheet: 316, None
WARNING - No field drawings found for Bonnebladen sheet: None (316)
INFO - Processing Bonnebladen sheet: 317, None
WARNING - No field drawings found for Bonnebladen sheet: None (317)
INFO - Processing Bonnebladen sheet: 318, Oosterwolde
INFO - Processing Bonnebladen sheet: 319, Wezep
INFO - Processing Bonnebladen sheet: 320, Hattem
INFO - Processing Bonnebladen sheet: 321, Lemelerveld
INFO - Processing Bonnebladen sheet: 322, Den Ham
INFO - Processing Bonnebladen sheet: 323, Vroomshoop
INFO - Processing Bonnebladen sheet: 324, Langeveen
INFO - Processing Bonnebladen sheet: 325, Mander
INFO - Processing Bonnebladen sheet: 326, Breklenkamp
INFO - Processing Bonnebladen sheet: 327, Groote Olmen
INFO - Processing Bonnebladen sheet: 328, Spaarndam
INFO - Processing Bonnebladen sheet: 329, Zaandam
INFO - Processing Bonnebladen sheet: 330, Broek
INFO - Processing Bonnebladen sheet: 331, Zuiderwoude
INFO - Processing Bonnebladen sheet: 332, None
WARNING - No field drawings found for Bonnebladen sheet: None (332)
INFO - Processing Bonnebladen sheet: 333, None
WARNING - No field drawings found for Bonnebladen sheet: None (333)
INFO - Processing Bonnebladen sheet: 334, None
WARNING - No field drawings found for Bonnebladen sheet: None (334)
INFO - Processing Bonnebladen sheet: 335, Wetering
INFO - Processing Bonnebladen sheet: 336, Elburg
INFO - Processing Bonnebladen sheet: 337, De Spronk
INFO - Processing Bonnebladen sheet: 338, Vorchten
INFO - Processing Bonnebladen sheet: 339, Heino
INFO - Processing Bonnebladen sheet: 340, Hellendoorn
INFO - Processing Bonnebladen sheet: 341, Vriezenveen
INFO - Processing Bonnebladen sheet: 342, Tubbergen
INFO - Processing Bonnebladen sheet: 343, Ootmarsum
INFO - Processing Bonnebladen sheet: 344, Lattrop
INFO - Processing Bonnebladen sheet: 345, Zandvoort
INFO - Processing Bonnebladen sheet: 346, Haarlem
INFO - Processing Bonnebladen sheet: 347, Amsterdam I
INFO - Processing Bonnebladen sheet: 348, Amsterdam II
INFO - Processing Bonnebladen sheet: 349, Pampus
INFO - Processing Bonnebladen sheet: 350, None
WARNING - No field drawings found for Bonnebladen sheet: None (350)
INFO - Processing Bonnebladen sheet: 351, None
WARNING - No field drawings found for Bonnebladen sheet: None (351)
INFO - Processing Bonnebladen sheet: 352, Harderwijk
INFO - Processing Bonnebladen sheet: 353, Hierden
INFO - Processing Bonnebladen sheet: 354, Nunspeet
INFO - Processing Bonnebladen sheet: 355, Epe
INFO - Processing Bonnebladen sheet: 356, Wijhe
INFO - Processing Bonnebladen sheet: 357, Raalte
INFO - Processing Bonnebladen sheet: 358, Nijverdal
INFO - Processing Bonnebladen sheet: 359, Wierden
INFO - Processing Bonnebladen sheet: 360, Almelo
INFO - Processing Bonnebladen sheet: 361, Weerselo
INFO - Processing Bonnebladen sheet: 362, Denekamp
INFO - Processing Bonnebladen sheet: 363, None
WARNING - No field drawings found for Bonnebladen sheet: None (363)
INFO - Processing Bonnebladen sheet: 364, Hillegom
INFO - Processing Bonnebladen sheet: 365, Haarlemmermeer
INFO - Processing Bonnebladen sheet: 366, Amstelveen
INFO - Processing Bonnebladen sheet: 367, Ouderkerk
INFO - Processing Bonnebladen sheet: 368, Naarden
INFO - Processing Bonnebladen sheet: 369, Huizen
INFO - Processing Bonnebladen sheet: 370, None
WARNING - No field drawings found for Bonnebladen sheet: None (370)
INFO - Processing Bonnebladen sheet: 371, Horst
INFO - Processing Bonnebladen sheet: 372, Ermelo
INFO - Processing Bonnebladen sheet: 373, Elspeet
INFO - Processing Bonnebladen sheet: 374, Vaassen
INFO - Processing Bonnebladen sheet: 375, Diepenveen
INFO - Processing Bonnebladen sheet: 376, Wechelerveld
INFO - Processing Bonnebladen sheet: 377, Holten
INFO - Processing Bonnebladen sheet: 378, Rijssen
INFO - Processing Bonnebladen sheet: 379, Borne
INFO - Processing Bonnebladen sheet: 380, Oldenzaal
INFO - Processing Bonnebladen sheet: 381, De Lutte
INFO - Processing Bonnebladen sheet: 382, Noordwijk aan Zee
INFO - Processing Bonnebladen sheet: 383, Lisse
INFO - Processing Bonnebladen sheet: 384, Venneperdorp
INFO - Processing Bonnebladen sheet: 385, Aalsmeer
INFO - Processing Bonnebladen sheet: 386, Abcoude
INFO - Processing Bonnebladen sheet: 387, Ankeveen
INFO - Processing Bonnebladen sheet: 388, Eemnes
INFO - Processing Bonnebladen sheet: 389, Bunschoten
INFO - Processing Bonnebladen sheet: 390, Putten
INFO - Processing Bonnebladen sheet: 391, Garderen
INFO - Processing Bonnebladen sheet: 392, Uddel
INFO - Processing Bonnebladen sheet: 393, Het Loo
INFO - Processing Bonnebladen sheet: 394, Deventer
INFO - Processing Bonnebladen sheet: 395, Bathmen
INFO - Processing Bonnebladen sheet: 396, Markelo
INFO - Processing Bonnebladen sheet: 397, Goor
INFO - Processing Bonnebladen sheet: 398, Delden
INFO - Processing Bonnebladen sheet: 399, Enschede
INFO - Processing Bonnebladen sheet: 400, Losser
INFO - Processing Bonnebladen sheet: 401, Katwijk
INFO - Processing Bonnebladen sheet: 402, Warmond
INFO - Processing Bonnebladen sheet: 403, Rijnsaterwoude
INFO - Processing Bonnebladen sheet: 404, Zevenhoven
INFO - Processing Bonnebladen sheet: 405, Vinkeveen
INFO - Processing Bonnebladen sheet: 406, Oud Loosdrecht
INFO - Processing Bonnebladen sheet: 407, Soestdijk
INFO - Processing Bonnebladen sheet: 408, Hoevelaken
INFO - Processing Bonnebladen sheet: 409, Nijkerk
INFO - Processing Bonnebladen sheet: 410, Oud Milligen
INFO - Processing Bonnebladen sheet: 411, Hoog Soeren
INFO - Processing Bonnebladen sheet: 412, Apeldoorn
INFO - Processing Bonnebladen sheet: 413, Voorst
INFO - Processing Bonnebladen sheet: 414, Eefde
INFO - Processing Bonnebladen sheet: 415, Laren
INFO - Processing Bonnebladen sheet: 416, Diepenheim
INFO - Processing Bonnebladen sheet: 417, Stepelo
INFO - Processing Bonnebladen sheet: 418, Broekheurne
INFO - Processing Bonnebladen sheet: 419, Derkingsmaten
INFO - Processing Bonnebladen sheet: 420, Artillerieproefveld
INFO - Processing Bonnebladen sheet: 421, Wassenaar
INFO - Processing Bonnebladen sheet: 422, Leiden
INFO - Processing Bonnebladen sheet: 423, Alphen
INFO - Processing Bonnebladen sheet: 424, Nieuwkoop
INFO - Processing Bonnebladen sheet: 425, Kockengen
INFO - Processing Bonnebladen sheet: 426, Maarssen
INFO - Processing Bonnebladen sheet: 427, Soesterberg
INFO - Processing Bonnebladen sheet: 428, Amersfoort
INFO - Processing Bonnebladen sheet: 429, Barneveld
INFO - Processing Bonnebladen sheet: 430, Essen
INFO - Processing Bonnebladen sheet: 431, Harskampsche Zand
INFO - Processing Bonnebladen sheet: 432, Beekbergen
INFO - Processing Bonnebladen sheet: 433, Zutphen
INFO - Processing Bonnebladen sheet: 434, Almen
INFO - Processing Bonnebladen sheet: 435, Lochem
INFO - Processing Bonnebladen sheet: 436, Borculo
INFO - Processing Bonnebladen sheet: 437, Haaksbergen
INFO - Processing Bonnebladen sheet: 438, Buurse
INFO - Processing Bonnebladen sheet: 439, Scheveningen
INFO - Processing Bonnebladen sheet: 440, 's-Gravenhage
INFO - Processing Bonnebladen sheet: 441, Benthuizen
INFO - Processing Bonnebladen sheet: 442, Boskoop
INFO - Processing Bonnebladen sheet: 443, Bodegraven
INFO - Processing Bonnebladen sheet: 444, Harmelen
INFO - Processing Bonnebladen sheet: 445, Utrecht
INFO - Processing Bonnebladen sheet: 446, Zeist
INFO - Processing Bonnebladen sheet: 447, Woudenberg
INFO - Processing Bonnebladen sheet: 448, Scherpenzeel
INFO - Processing Bonnebladen sheet: 449, Lunteren
INFO - Processing Bonnebladen sheet: 450, Otterloo
INFO - Processing Bonnebladen sheet: 451, Terlet
INFO - Processing Bonnebladen sheet: 452, Brummen
INFO - Processing Bonnebladen sheet: 453, Vorden
INFO - Processing Bonnebladen sheet: 454, Ruurlo
INFO - Processing Bonnebladen sheet: 455, Beltrum
INFO - Processing Bonnebladen sheet: 456, Eibergen
INFO - Processing Bonnebladen sheet: 457, Noordlandsche Dijk
INFO - Processing Bonnebladen sheet: 458, Monster
INFO - Processing Bonnebladen sheet: 459, Delft
INFO - Processing Bonnebladen sheet: 460, Zoetermeer
INFO - Processing Bonnebladen sheet: 461, Gouda
INFO - Processing Bonnebladen sheet: 462, Oudewater
INFO - Processing Bonnebladen sheet: 463, Montfoort
INFO - Processing Bonnebladen sheet: 464, Vreeswijk
INFO - Processing Bonnebladen sheet: 465, Werkhoven
INFO - Processing Bonnebladen sheet: 466, Doorn
INFO - Processing Bonnebladen sheet: 467, Veenendaal
INFO - Processing Bonnebladen sheet: 468, Ede
INFO - Processing Bonnebladen sheet: 469, Schaarsbergen
INFO - Processing Bonnebladen sheet: 470, Rozendaal
INFO - Processing Bonnebladen sheet: 471, Doesburg
INFO - Processing Bonnebladen sheet: 472, Hummelo
INFO - Processing Bonnebladen sheet: 473, Zelhem
INFO - Processing Bonnebladen sheet: 474, Groenlo
INFO - Processing Bonnebladen sheet: 475, Meddeho
INFO - Processing Bonnebladen sheet: 476, 't Masterveld
INFO - Processing Bonnebladen sheet: 477, None
WARNING - No field drawings found for Bonnebladen sheet: None (477)
INFO - Processing Bonnebladen sheet: 478, Hoek van Holland
INFO - Processing Bonnebladen sheet: 479, Naaldwijk
INFO - Processing Bonnebladen sheet: 480, Schipluiden
INFO - Processing Bonnebladen sheet: 481, Hillegersberg
INFO - Processing Bonnebladen sheet: 482, Moordrecht
INFO - Processing Bonnebladen sheet: 483, Vlist
INFO - Processing Bonnebladen sheet: 484, Tienhoven
INFO - Processing Bonnebladen sheet: 485, Vianen
INFO - Processing Bonnebladen sheet: 486, Culemborg
INFO - Processing Bonnebladen sheet: 487, Wijk bij Duurstede
INFO - Processing Bonnebladen sheet: 488, Rhenen
INFO - Processing Bonnebladen sheet: 489, Wageningen
INFO - Processing Bonnebladen sheet: 490, Oosterbeek
INFO - Processing Bonnebladen sheet: 491, Arnhem
INFO - Processing Bonnebladen sheet: 492, Angerlo
INFO - Processing Bonnebladen sheet: 493, Doetinchem
INFO - Processing Bonnebladen sheet: 494, Varsseveld
INFO - Processing Bonnebladen sheet: 495, Lichtenvoorde
INFO - Processing Bonnebladen sheet: 496, Winterswijk
INFO - Processing Bonnebladen sheet: 497, Ratum
INFO - Processing Bonnebladen sheet: 498, None
WARNING - No field drawings found for Bonnebladen sheet: None (498)
INFO - Processing Bonnebladen sheet: 499, Oostvoorne
INFO - Processing Bonnebladen sheet: 500, Brielle
INFO - Processing Bonnebladen sheet: 501, Schiedam
INFO - Processing Bonnebladen sheet: 502, Rotterdam
INFO - Processing Bonnebladen sheet: 503, Ouderkerk aan den IJssel
INFO - Processing Bonnebladen sheet: 504, Schoonhoven
INFO - Processing Bonnebladen sheet: 505, Langerak
INFO - Processing Bonnebladen sheet: 506, Leerbroek
INFO - Processing Bonnebladen sheet: 507, Buurmalsen
INFO - Processing Bonnebladen sheet: 508, Buren
INFO - Processing Bonnebladen sheet: 509, Ochten
INFO - Processing Bonnebladen sheet: 510, Dodewaard
INFO - Processing Bonnebladen sheet: 511, Elst
INFO - Processing Bonnebladen sheet: 512, Huissen
INFO - Processing Bonnebladen sheet: 513, Zevenaar
INFO - Processing Bonnebladen sheet: 514, Zeddam
INFO - Processing Bonnebladen sheet: 515, Terborg
INFO - Processing Bonnebladen sheet: 516, Aalten
INFO - Processing Bonnebladen sheet: 517, Woold
INFO - Processing Bonnebladen sheet: 518, Veldboom
INFO - Processing Bonnebladen sheet: 519, None
WARNING - No field drawings found for Bonnebladen sheet: None (519)
INFO - Processing Bonnebladen sheet: 520, Goedereesche Gat
INFO - Processing Bonnebladen sheet: 521, Rockanje
INFO - Processing Bonnebladen sheet: 522, Geervliet
INFO - Processing Bonnebladen sheet: 523, Rhoon
INFO - Processing Bonnebladen sheet: 524, Oost en West Barendrecht
INFO - Processing Bonnebladen sheet: 525, Alblasserdam
INFO - Processing Bonnebladen sheet: 526, Molenaarsgraaf
INFO - Processing Bonnebladen sheet: 527, Hoog Blokland
INFO - Processing Bonnebladen sheet: 528, Asperen
INFO - Processing Bonnebladen sheet: 529, Enspijk
INFO - Processing Bonnebladen sheet: 530, Tiel
INFO - Processing Bonnebladen sheet: 531, Altforst
INFO - Processing Bonnebladen sheet: 532, Bergharen
INFO - Processing Bonnebladen sheet: 533, Nijmegen
INFO - Processing Bonnebladen sheet: 534, Gent
INFO - Processing Bonnebladen sheet: 535, Lobith
INFO - Processing Bonnebladen sheet: 536, 's-Heerenberg
INFO - Processing Bonnebladen sheet: 537, Gendringen
INFO - Processing Bonnebladen sheet: 538, Dingxperlo
INFO - Processing Bonnebladen sheet: 539, None
WARNING - No field drawings found for Bonnebladen sheet: None (539)
INFO - Processing Bonnebladen sheet: 540, Westhoofd
INFO - Processing Bonnebladen sheet: 541, Goedereede
INFO - Processing Bonnebladen sheet: 542, Hellevoetsluis
INFO - Processing Bonnebladen sheet: 543, Zuidland
INFO - Processing Bonnebladen sheet: 544, Oud Beijerland
INFO - Processing Bonnebladen sheet: 545, Mijnsherenland
INFO - Processing Bonnebladen sheet: 546, Dordrecht
INFO - Processing Bonnebladen sheet: 547, Sliedrecht
INFO - Processing Bonnebladen sheet: 548, Gorinchem
INFO - Processing Bonnebladen sheet: 549, Brakel
INFO - Processing Bonnebladen sheet: 550, Zaltbommel
INFO - Processing Bonnebladen sheet: 551, Heerewaarden
INFO - Processing Bonnebladen sheet: 552, Haren
INFO - Processing Bonnebladen sheet: 553, Ravestein
INFO - Processing Bonnebladen sheet: 554, Hatert
INFO - Processing Bonnebladen sheet: 555, Groesbeek
INFO - Processing Bonnebladen sheet: 556, None
WARNING - No field drawings found for Bonnebladen sheet: None (556)
INFO - Processing Bonnebladen sheet: 557, Verklikker
INFO - Processing Bonnebladen sheet: 558, Renesse
INFO - Processing Bonnebladen sheet: 559, Brouwershaven
INFO - Processing Bonnebladen sheet: 560, Dirksland
INFO - Processing Bonnebladen sheet: 561, Middelharnis
INFO - Processing Bonnebladen sheet: 562, Zuid Beijerland
INFO - Processing Bonnebladen sheet: 563, Strijen
INFO - Processing Bonnebladen sheet: 564, Willemsdorp
INFO - Processing Bonnebladen sheet: 565, Biesbosch
INFO - Processing Bonnebladen sheet: 566, Dussen
INFO - Processing Bonnebladen sheet: 567, Heusden
INFO - Processing Bonnebladen sheet: 568, Crevecoeur
INFO - Processing Bonnebladen sheet: 569, Driel
INFO - Processing Bonnebladen sheet: 570, Oss
INFO - Processing Bonnebladen sheet: 571, Grave
INFO - Processing Bonnebladen sheet: 572, Mook
INFO - Processing Bonnebladen sheet: 573, Middelaar
INFO - Processing Bonnebladen sheet: 574, None
WARNING - No field drawings found for Bonnebladen sheet: None (574)
INFO - Processing Bonnebladen sheet: 575, None
WARNING - No field drawings found for Bonnebladen sheet: None (575)
INFO - Processing Bonnebladen sheet: 576, Westenschouwen
INFO - Processing Bonnebladen sheet: 577, Haamstede
INFO - Processing Bonnebladen sheet: 578, Dreischor
INFO - Processing Bonnebladen sheet: 579, Herkingen
INFO - Processing Bonnebladen sheet: 580, Oude Tonge
INFO - Processing Bonnebladen sheet: 581, Willemstad
INFO - Processing Bonnebladen sheet: 582, Bovensluis
INFO - Processing Bonnebladen sheet: 583, None
WARNING - No field drawings found for Bonnebladen sheet: None (583)
INFO - Processing Bonnebladen sheet: 584, Geertruidenberg
INFO - Processing Bonnebladen sheet: 585, Raamsdonk
INFO - Processing Bonnebladen sheet: 586, None
WARNING - No field drawings found for Bonnebladen sheet: None (586)
INFO - Processing Bonnebladen sheet: 587, 's-Hertogenbosch
INFO - Processing Bonnebladen sheet: 588, Rosmalen
INFO - Processing Bonnebladen sheet: 589, Nistelrode
INFO - Processing Bonnebladen sheet: 590, Zeeland
INFO - Processing Bonnebladen sheet: 591, Haps
INFO - Processing Bonnebladen sheet: 592, Gennep
INFO - Processing Bonnebladen sheet: 593, Hekkens
INFO - Processing Bonnebladen sheet: 594, None
WARNING - No field drawings found for Bonnebladen sheet: None (594)
INFO - Processing Bonnebladen sheet: 595, None
WARNING - No field drawings found for Bonnebladen sheet: None (595)
INFO - Processing Bonnebladen sheet: 596, None
WARNING - No field drawings found for Bonnebladen sheet: None (596)
INFO - Processing Bonnebladen sheet: 597, None
WARNING - No field drawings found for Bonnebladen sheet: None (597)
INFO - Processing Bonnebladen sheet: 598, Zierikzee
INFO - Processing Bonnebladen sheet: 599, Bruinisse
INFO - Processing Bonnebladen sheet: 600, Krammer
INFO - Processing Bonnebladen sheet: 601, Dinteloord
INFO - Processing Bonnebladen sheet: 602, Klundert
INFO - Processing Bonnebladen sheet: 603, Zevenbergen
INFO - Processing Bonnebladen sheet: 604, None
WARNING - No field drawings found for Bonnebladen sheet: None (604)
INFO - Processing Bonnebladen sheet: 605, 's-Gravenmoer
INFO - Processing Bonnebladen sheet: 606, Loon op Zand
INFO - Processing Bonnebladen sheet: 607, Vught
INFO - Processing Bonnebladen sheet: 608, St. Michielsgestel
INFO - Processing Bonnebladen sheet: 609, Veghel
INFO - Processing Bonnebladen sheet: 610, Uden
INFO - Processing Bonnebladen sheet: 611, Rijkevoort
INFO - Processing Bonnebladen sheet: 612, Boxmeer
INFO - Processing Bonnebladen sheet: 613, Grootehorst
INFO - Processing Bonnebladen sheet: 614, None
WARNING - No field drawings found for Bonnebladen sheet: None (614)
INFO - Processing Bonnebladen sheet: 615, Domburg
INFO - Processing Bonnebladen sheet: 616, Serooskerke
INFO - Processing Bonnebladen sheet: 617, Kortgene
INFO - Processing Bonnebladen sheet: 618, Stavenisse
INFO - Processing Bonnebladen sheet: 619, St. Annaland
INFO - Processing Bonnebladen sheet: 620, De Koevering
INFO - Processing Bonnebladen sheet: 621, None
WARNING - No field drawings found for Bonnebladen sheet: None (621)
INFO - Processing Bonnebladen sheet: 622, None
WARNING - No field drawings found for Bonnebladen sheet: None (622)
INFO - Processing Bonnebladen sheet: 623, Etten
INFO - Processing Bonnebladen sheet: 624, Breda
INFO - Processing Bonnebladen sheet: 625, Rijen
INFO - Processing Bonnebladen sheet: 626, Enschot
INFO - Processing Bonnebladen sheet: 627, Oisterwijk
INFO - Processing Bonnebladen sheet: 628, Boxtel
INFO - Processing Bonnebladen sheet: 629, St. Oedenrode
INFO - Processing Bonnebladen sheet: 630, Gemert
INFO - Processing Bonnebladen sheet: 631, Heikant
INFO - Processing Bonnebladen sheet: 632, Maashees
INFO - Processing Bonnebladen sheet: 633, Geijsteren
INFO - Processing Bonnebladen sheet: 634, Westkapelle
INFO - Processing Bonnebladen sheet: 635, Zoutelande
INFO - Processing Bonnebladen sheet: 636, Middelburg
INFO - Processing Bonnebladen sheet: 637, Oostkerke
INFO - Processing Bonnebladen sheet: 638, Goes
INFO - Processing Bonnebladen sheet: 639, St. Maartensdijk
INFO - Processing Bonnebladen sheet: 640, Halsteren
INFO - Processing Bonnebladen sheet: 641, Wouw
INFO - Processing Bonnebladen sheet: 642, Roosendaal
INFO - Processing Bonnebladen sheet: 643, Sprundel
INFO - Processing Bonnebladen sheet: 644, Ulvenhout
INFO - Processing Bonnebladen sheet: 645, Nerhoven
INFO - Processing Bonnebladen sheet: 646, Tilburg
INFO - Processing Bonnebladen sheet: 647, Oirschot
INFO - Processing Bonnebladen sheet: 648, Best
INFO - Processing Bonnebladen sheet: 649, Son en Breugel
INFO - Processing Bonnebladen sheet: 650, Beek en Donk
INFO - Processing Bonnebladen sheet: 651, Milheeze
INFO - Processing Bonnebladen sheet: 652, Venray
INFO - Processing Bonnebladen sheet: 653, Meerlo
INFO - Processing Bonnebladen sheet: 654, Walbeek Heide
INFO - Processing Bonnebladen sheet: 655, Deurloo
INFO - Processing Bonnebladen sheet: 656, Vlissingen
INFO - Processing Bonnebladen sheet: 657, Oost-Souburg
INFO - Processing Bonnebladen sheet: 658, Heinkenszand
INFO - Processing Bonnebladen sheet: 659, Hansweert
INFO - Processing Bonnebladen sheet: 660, Yerseke
INFO - Processing Bonnebladen sheet: 661, Bergen op Zoom
INFO - Processing Bonnebladen sheet: 662, Westelaar
INFO - Processing Bonnebladen sheet: 663, Nispen
INFO - Processing Bonnebladen sheet: 664, Zundert
INFO - Processing Bonnebladen sheet: 665, Ulicoten
INFO - Processing Bonnebladen sheet: 666, Alphen N.B.
INFO - Processing Bonnebladen sheet: 667, Hilvarenbeek
INFO - Processing Bonnebladen sheet: 668, Middelbeers
INFO - Processing Bonnebladen sheet: 669, Oirschotsche Heide
INFO - Processing Bonnebladen sheet: 670, Nunen
INFO - Processing Bonnebladen sheet: 671, Helmond
INFO - Processing Bonnebladen sheet: 672, Deurne
INFO - Processing Bonnebladen sheet: 673, Meterik
INFO - Processing Bonnebladen sheet: 674, Lottum
INFO - Processing Bonnebladen sheet: 675, Arcen
INFO - Processing Bonnebladen sheet: 676, Wielingen
INFO - Processing Bonnebladen sheet: 677, Breskens
INFO - Processing Bonnebladen sheet: 678, Spijkerplaat
INFO - Processing Bonnebladen sheet: 679, None
WARNING - No field drawings found for Bonnebladen sheet: None (679)
INFO - Processing Bonnebladen sheet: 680, Hoedekenskerke
INFO - Processing Bonnebladen sheet: 681, Krabbendijke
INFO - Processing Bonnebladen sheet: 682, Woensdrecht
INFO - Processing Bonnebladen sheet: 683, Ossendrecht
INFO - Processing Bonnebladen sheet: 684, Hoogemoer
INFO - Processing Bonnebladen sheet: 685, Klein Maalbergen
INFO - Processing Bonnebladen sheet: 686, Castelre
INFO - Processing Bonnebladen sheet: 687, Baarle-Nassau
INFO - Processing Bonnebladen sheet: 688, Lage Mierde
INFO - Processing Bonnebladen sheet: 689, Vessem
INFO - Processing Bonnebladen sheet: 690, Veldhoven
INFO - Processing Bonnebladen sheet: 691, Eindhoven
INFO - Processing Bonnebladen sheet: 692, Lierop
INFO - Processing Bonnebladen sheet: 693, Asten
INFO - Processing Bonnebladen sheet: 694, Helenaveen
INFO - Processing Bonnebladen sheet: 695, Grubbenvorst
INFO - Processing Bonnebladen sheet: 696, Schandelo
INFO - Processing Bonnebladen sheet: 697, Cadzand
INFO - Processing Bonnebladen sheet: 698, Oostburg
INFO - Processing Bonnebladen sheet: 699, Biervliet
INFO - Processing Bonnebladen sheet: 700, Neuzen
INFO - Processing Bonnebladen sheet: 701, Hensgtdijk
INFO - Processing Bonnebladen sheet: 702, Lamswaarde
INFO - Processing Bonnebladen sheet: 703, Vijdt Polder
INFO - Processing Bonnebladen sheet: 704, Putte
INFO - Processing Bonnebladen sheet: 705, Reusel
INFO - Processing Bonnebladen sheet: 706, Bladel
INFO - Processing Bonnebladen sheet: 707, Riethoven
INFO - Processing Bonnebladen sheet: 708, Valkenswaard
INFO - Processing Bonnebladen sheet: 709, Zomerensche Heide
INFO - Processing Bonnebladen sheet: 710, Meijel
INFO - Processing Bonnebladen sheet: 711, Panningen
INFO - Processing Bonnebladen sheet: 712, Venlo
INFO - Processing Bonnebladen sheet: 713, Groote Heide
INFO - Processing Bonnebladen sheet: 714, Sluis
INFO - Processing Bonnebladen sheet: 715, St. Kruis
INFO - Processing Bonnebladen sheet: 716, IJzendijke
INFO - Processing Bonnebladen sheet: 717, Filippine
INFO - Processing Bonnebladen sheet: 718, Zaamslag
INFO - Processing Bonnebladen sheet: 719, Hulst
INFO - Processing Bonnebladen sheet: 720, Prosperpolder
INFO - Processing Bonnebladen sheet: 721, De Moeren
INFO - Processing Bonnebladen sheet: 722, Wilreit
INFO - Processing Bonnebladen sheet: 723, Bergeik
INFO - Processing Bonnebladen sheet: 724, Soerendonk
INFO - Processing Bonnebladen sheet: 725, Maarheeze
INFO - Processing Bonnebladen sheet: 726, Nederweert
INFO - Processing Bonnebladen sheet: 727, Helden
INFO - Processing Bonnebladen sheet: 728, Kessel
INFO - Processing Bonnebladen sheet: 729, Eede
INFO - Processing Bonnebladen sheet: 730, Biezen
INFO - Processing Bonnebladen sheet: 731, Sas van Gent
INFO - Processing Bonnebladen sheet: 732, Axel
INFO - Processing Bonnebladen sheet: 733, St. Jansteen
INFO - Processing Bonnebladen sheet: 734, Bosscher Weier
INFO - Processing Bonnebladen sheet: 735, Songelbroeksche Heide
INFO - Processing Bonnebladen sheet: 736, Station Budel
INFO - Processing Bonnebladen sheet: 737, Weert
INFO - Processing Bonnebladen sheet: 738, Baexem
INFO - Processing Bonnebladen sheet: 739, Buggenum
INFO - Processing Bonnebladen sheet: 740, Swalmen
INFO - Processing Bonnebladen sheet: 741, De Stuiver
INFO - Processing Bonnebladen sheet: 742, Overslag
INFO - Processing Bonnebladen sheet: 743, Grenspaal 166
INFO - Processing Bonnebladen sheet: 744, Stramproy
INFO - Processing Bonnebladen sheet: 745, Thorn
INFO - Processing Bonnebladen sheet: 746, Roermond
INFO - Processing Bonnebladen sheet: 747, Maalbroek
INFO - Processing Bonnebladen sheet: 748, Herberg
INFO - Processing Bonnebladen sheet: 749, Echt
INFO - Processing Bonnebladen sheet: 750, Maasbracht
INFO - Processing Bonnebladen sheet: 751, Vlodrop
INFO - Processing Bonnebladen sheet: 752, Susteren
INFO - Processing Bonnebladen sheet: 753, Slek
INFO - Processing Bonnebladen sheet: 754, Akerstraat
INFO - Processing Bonnebladen sheet: 755, Sittard
INFO - Processing Bonnebladen sheet: 756, Broeksittard
INFO - Processing Bonnebladen sheet: 757, Weerter Hof
INFO - Processing Bonnebladen sheet: 758, Geleen
INFO - Processing Bonnebladen sheet: 759, Schinveld
INFO - Processing Bonnebladen sheet: 760, Paal 266
INFO - Processing Bonnebladen sheet: 761, Bunde
INFO - Processing Bonnebladen sheet: 762, Meerssen
INFO - Processing Bonnebladen sheet: 763, Heerlen
INFO - Processing Bonnebladen sheet: 764, Nieuwenhagen
INFO - Processing Bonnebladen sheet: 765, Maastricht
INFO - Processing Bonnebladen sheet: 766, Valkenburg
INFO - Processing Bonnebladen sheet: 767, Simpelveld
INFO - Processing Bonnebladen sheet: 768, Kerkrade
INFO - Processing Bonnebladen sheet: 769, Eijsden
INFO - Processing Bonnebladen sheet: 770, St. Geertruid
INFO - Processing Bonnebladen sheet: 771, Gulpen
INFO - Processing Bonnebladen sheet: 772, Vaals
INFO - Processing Bonnebladen sheet: 773, Mesch
INFO - Processing Bonnebladen sheet: 774, Vroelen
INFO - Processing Bonnebladen sheet: 775, Wolfshaag
INFO - Processing Bonnebladen sheet: 776, Drie palen
